SF:/Users/pedro/src/Jaco/Jaco/Interval.cs
FN:33,System.Boolean Jaco.Interval::HaveSameDistance(Jaco.Interval)
FNDA:6,System.Boolean Jaco.Interval::HaveSameDistance(Jaco.Interval)
DA:34,6
DA:35,6
DA:36,6
FN:38,Jaco.Interval Jaco.Interval::Invert()
FNDA:34,Jaco.Interval Jaco.Interval::Invert()
DA:39,34
DA:40,34
DA:41,34
FN:43,Jaco.Interval Jaco.Interval::OctaveUp()
FNDA:17,Jaco.Interval Jaco.Interval::OctaveUp()
DA:44,17
DA:45,17
DA:46,17
FN:48,Jaco.Interval Jaco.Interval::OctaveDown()
FNDA:17,Jaco.Interval Jaco.Interval::OctaveDown()
DA:49,17
DA:50,17
DA:51,17
FN:315,System.Boolean Jaco.Interval::Equals(System.Object)
FNDA:34,System.Boolean Jaco.Interval::Equals(System.Object)
DA:316,34
DA:317,34
DA:318,34
DA:319,34
DA:322,0
DA:323,34
BRDA:317,14,0,34
BRDA:319,29,0,34
BRDA:319,43,0,34
BRDA:319,62,0,34
BRDA:319,29,1,0
BRDA:319,43,1,0
BRDA:319,62,1,0
BRDA:317,14,1,0
FN:325,System.Int32 Jaco.Interval::GetHashCode()
FNDA:0,System.Int32 Jaco.Interval::GetHashCode()
DA:326,0
DA:327,0
DA:328,0
FN:330,System.String Jaco.Interval::ToString()
FNDA:25,System.String Jaco.Interval::ToString()
DA:331,25
DA:332,25
DA:333,25
FN:21,System.Void Jaco.Interval::.ctor(System.String,System.String,System.Int32,Jaco.IntervalQuality,System.Func`1<Jaco.Interval>,System.Func`1<Jaco.Interval>,System.Func`1<Jaco.Interval>)
FNDA:26,System.Void Jaco.Interval::.ctor(System.String,System.String,System.Int32,Jaco.IntervalQuality,System.Func`1<Jaco.Interval>,System.Func`1<Jaco.Interval>,System.Func`1<Jaco.Interval>)
DA:22,26
DA:23,26
DA:24,26
DA:25,26
DA:26,26
DA:27,26
DA:28,26
DA:29,26
DA:30,26
DA:31,26
FN:52,System.Void Jaco.Interval::.cctor()
FNDA:1,System.Void Jaco.Interval::.cctor()
DA:53,1
DA:54,1
DA:55,1
DA:56,1
DA:57,1
DA:58,2
DA:59,1
DA:60,0
DA:61,1
DA:63,1
DA:64,1
DA:65,1
DA:66,1
DA:67,1
DA:68,0
DA:69,0
DA:70,0
DA:71,1
DA:73,1
DA:74,1
DA:75,1
DA:76,1
DA:77,1
DA:78,0
DA:79,0
DA:80,0
DA:81,1
DA:83,1
DA:84,1
DA:85,1
DA:86,1
DA:87,1
DA:88,2
DA:89,1
DA:90,0
DA:91,1
DA:93,1
DA:94,1
DA:95,1
DA:96,1
DA:97,1
DA:98,2
DA:99,1
DA:100,0
DA:101,1
DA:103,1
DA:104,1
DA:105,1
DA:106,1
DA:107,1
DA:108,0
DA:109,0
DA:110,0
DA:111,1
DA:113,1
DA:114,1
DA:115,1
DA:116,1
DA:117,1
DA:118,3
DA:119,1
DA:120,1
DA:121,1
DA:123,1
DA:124,1
DA:125,1
DA:126,1
DA:127,1
DA:128,3
DA:129,1
DA:130,1
DA:131,1
DA:133,1
DA:134,1
DA:135,1
DA:136,1
DA:137,1
DA:138,2
DA:139,1
DA:140,0
DA:141,1
DA:143,1
DA:144,1
DA:145,1
DA:146,1
DA:147,1
DA:148,0
DA:149,0
DA:150,0
DA:151,1
DA:153,1
DA:154,1
DA:155,1
DA:156,1
DA:157,1
DA:158,0
DA:159,0
DA:160,0
DA:161,1
DA:163,1
DA:165,1
DA:166,1
DA:167,1
DA:168,1
DA:169,1
DA:170,3
DA:171,1
DA:172,1
DA:173,1
DA:175,1
DA:176,1
DA:177,1
DA:178,1
DA:179,1
DA:180,0
DA:181,0
DA:182,0
DA:183,1
DA:185,1
DA:186,1
DA:187,1
DA:188,1
DA:189,1
DA:190,2
DA:191,1
DA:192,0
DA:193,1
DA:195,1
DA:196,1
DA:197,1
DA:198,1
DA:199,1
DA:200,2
DA:201,1
DA:202,0
DA:203,1
DA:205,1
DA:206,1
DA:207,1
DA:208,1
DA:209,1
DA:210,0
DA:211,0
DA:212,0
DA:213,1
DA:215,1
DA:216,1
DA:217,1
DA:218,1
DA:219,1
DA:220,3
DA:221,1
DA:222,1
DA:223,1
DA:225,1
DA:226,1
DA:227,1
DA:228,1
DA:229,1
DA:230,3
DA:231,1
DA:232,1
DA:233,1
DA:235,1
DA:236,1
DA:237,1
DA:238,1
DA:239,1
DA:240,2
DA:241,1
DA:242,2
DA:243,1
DA:245,1
DA:246,1
DA:247,1
DA:248,1
DA:249,1
DA:250,1
DA:251,1
DA:252,2
DA:253,1
DA:255,1
DA:256,1
DA:257,1
DA:258,1
DA:259,1
DA:260,1
DA:261,1
DA:262,2
DA:263,1
DA:265,1
DA:266,1
DA:267,1
DA:268,1
DA:269,1
DA:270,0
DA:271,0
DA:272,0
DA:273,1
DA:275,1
DA:276,1
DA:277,1
DA:278,1
DA:279,1
DA:280,1
DA:281,1
DA:282,2
DA:283,1
DA:285,1
DA:286,1
DA:287,1
DA:288,1
DA:289,1
DA:290,0
DA:291,0
DA:292,0
DA:293,1
DA:295,1
DA:296,1
DA:297,1
DA:298,1
DA:299,1
DA:300,1
DA:301,1
DA:302,2
DA:303,1
DA:305,1
DA:306,1
DA:307,1
DA:308,1
DA:309,1
DA:310,1
DA:311,1
DA:312,2
DA:313,1
LF:269
LH:232
BRF:8
BRH:4
FNF:9
FNH:8
end_of_record
SF:/Users/pedro/src/Jaco/Jaco/Pitch.cs
FN:22,Jaco.Pitch Jaco.Pitch::Sharp()
FNDA:9,Jaco.Pitch Jaco.Pitch::Sharp()
DA:23,9
DA:24,9
DA:25,9
FN:27,Jaco.Pitch Jaco.Pitch::Flat()
FNDA:18,Jaco.Pitch Jaco.Pitch::Flat()
DA:28,18
DA:29,18
DA:30,18
FN:32,Jaco.Pitch Jaco.Pitch::Natural()
FNDA:13,Jaco.Pitch Jaco.Pitch::Natural()
DA:33,13
DA:34,13
DA:35,13
FN:59,System.Boolean Jaco.Pitch::Equals(System.Object)
FNDA:54,System.Boolean Jaco.Pitch::Equals(System.Object)
DA:60,54
DA:61,54
DA:62,54
DA:63,54
DA:66,0
DA:67,54
BRDA:61,14,0,54
BRDA:63,29,0,54
BRDA:63,29,1,0
BRDA:61,14,1,0
FN:69,System.Int32 Jaco.Pitch::GetHashCode()
FNDA:0,System.Int32 Jaco.Pitch::GetHashCode()
DA:70,0
DA:71,0
DA:72,0
FN:74,System.String Jaco.Pitch::ToString()
FNDA:20,System.String Jaco.Pitch::ToString()
DA:75,20
DA:76,20
DA:77,20
FN:11,System.Void Jaco.Pitch::.ctor(System.String,System.Int32,System.Int32,System.Func`1<Jaco.Pitch>,System.Func`1<Jaco.Pitch>,System.Func`1<Jaco.Pitch>)
FNDA:21,System.Void Jaco.Pitch::.ctor(System.String,System.Int32,System.Int32,System.Func`1<Jaco.Pitch>,System.Func`1<Jaco.Pitch>,System.Func`1<Jaco.Pitch>)
DA:12,21
DA:13,21
DA:14,21
DA:15,21
DA:16,21
DA:17,21
DA:18,21
DA:19,21
DA:20,21
FN:36,System.Void Jaco.Pitch::.cctor()
FNDA:3,System.Void Jaco.Pitch::.cctor()
DA:37,3
DA:38,3
DA:39,4
DA:40,4
DA:41,2
DA:42,4
DA:43,1
DA:44,1
DA:45,4
DA:46,2
DA:47,2
DA:48,4
DA:49,3
DA:50,2
DA:51,4
DA:52,3
DA:53,2
DA:54,4
DA:55,3
DA:56,2
DA:57,4
LF:51
LH:47
BRF:4
BRH:2
FNF:8
FNH:7
end_of_record